<?xml version="1.0" encoding="UTF-8"?>
<testsuites>
  <testsuite name="DrupalAllTestSuite" tests="2" assertions="2" failures="0" errors="0" time="0.168069">
    <testsuite name="NodeModules" file="D:\phresco-war\1.2.0.5\phresco-framework\workspace\projects\PHR_Drupal619\test\unit-plugin2\src\test\php\phresco\tests\NodeModules.php" tests="2" assertions="2" failures="0" errors="0" time="0.168069">
      <testsuite name="Node" file="D:\phresco-war\1.2.0.5\phresco-framework\workspace\projects\PHR_Drupal619\test\unit-plugin2\src\test\php\phresco\tests\Node.php" tests="2" assertions="2" failures="0" errors="0" time="0.168069">
        <testcase name="testNodeType" class="Node" file="D:\phresco-war\1.2.0.5\phresco-framework\workspace\projects\PHR_Drupal619\test\unit-plugin2\src\test\php\phresco\tests\Node.php" line="14" assertions="1" time="0.166323"/>
        <testcase name="testNodeTitle" class="Node" file="D:\phresco-war\1.2.0.5\phresco-framework\workspace\projects\PHR_Drupal619\test\unit-plugin2\src\test\php\phresco\tests\Node.php" line="20" assertions="1" time="0.001746"/>
      </testsuite>
    </testsuite>
  </testsuite>
</testsuites>
